2025-02-07 23:01:15,870 - INFO - Starting data preparation...
2025-02-07 23:01:15,897 - INFO - Data preparation complete. Time taken: 0.03 seconds
2025-02-07 23:01:15,897 - INFO - Starting hyperparameter tuning...
2025-02-07 23:01:56,484 - INFO - Hyperparameter tuning complete. Time taken: 40.59 seconds
2025-02-07 23:01:56,517 - INFO - Starting model evaluation...
2025-02-07 23:01:56,520 - INFO - Model evaluation complete. Time taken: 0.00 seconds
2025-02-07 23:01:56,520 - INFO - Starting predictions on new data...
2025-02-07 23:01:56,523 - INFO - Predictions on new data complete. Time taken: 0.00 seconds
2025-02-07 23:21:16,116 - INFO - Starting data preparation...
2025-02-07 23:21:16,141 - INFO - Data preparation complete. Time taken: 0.03 seconds
2025-02-07 23:21:16,141 - INFO - Starting hyperparameter tuning...
2025-02-07 23:21:57,206 - INFO - Hyperparameter tuning complete. Time taken: 41.06 seconds
2025-02-07 23:21:57,242 - INFO - Starting model evaluation...
2025-02-07 23:21:57,245 - INFO - Model evaluation complete. Time taken: 0.00 seconds
2025-02-07 23:21:57,245 - INFO - Starting predictions on new data...
2025-02-07 23:21:57,248 - INFO - Predictions on new data complete. Time taken: 0.00 seconds
2025-02-07 23:22:17,034 - INFO - Starting data preparation...
2025-02-07 23:22:17,051 - INFO - Data preparation complete. Time taken: 0.02 seconds
2025-02-07 23:22:17,051 - INFO - Starting hyperparameter tuning...
2025-02-07 23:22:55,813 - INFO - Hyperparameter tuning complete. Time taken: 38.76 seconds
2025-02-07 23:22:55,862 - INFO - Starting model evaluation...
2025-02-07 23:22:55,864 - INFO - Model evaluation complete. Time taken: 0.00 seconds
2025-02-07 23:22:55,864 - INFO - Starting predictions on new data...
2025-02-07 23:22:55,868 - INFO - Predictions on new data complete. Time taken: 0.00 seconds
2025-02-07 23:24:57,157 - INFO - Starting data preparation...
2025-02-07 23:24:57,180 - INFO - Data preparation complete. Time taken: 0.02 seconds
2025-02-07 23:24:57,180 - INFO - Starting hyperparameter tuning...
2025-02-07 23:25:36,310 - INFO - Hyperparameter tuning complete. Time taken: 39.13 seconds
2025-02-07 23:25:36,311 - INFO - Starting model evaluation...
2025-02-07 23:25:36,316 - INFO - Model evaluation complete. Time taken: 0.01 seconds
2025-02-07 23:25:36,316 - INFO - Starting predictions on new data...
2025-02-07 23:25:36,320 - INFO - Predictions on new data complete. Time taken: 0.00 seconds
